<?xml version="1.0" encoding="UTF-8"?>
<!-- Generated by org.testng.reporters.JUnitReportReporter -->
<testsuite hostname="DESKTOP-I86B4EQ" failures="0" tests="1" name="updatedtstngofos.Order_From_HomePage2" time="26.813" errors="0" timestamp="2023-02-27T12:50:38 IST" skipped="0">
  <testcase classname="updatedtstngofos.Order_From_HomePage2" name="executeScript" time="26.813"/>
  <system-out/>
</testsuite> <!-- updatedtstngofos.Order_From_HomePage2 -->
