<?xml version="1.0" encoding="UTF-8"?>
<!-- Generated by org.testng.reporters.JUnitReportReporter -->
<testsuite hostname="DESKTOP-I86B4EQ" failures="0" tests="1" name="fc_practice.EndToEnd" time="40.184" errors="0" timestamp="2023-02-24T12:47:27 IST" skipped="0">
  <testcase classname="fc_practice.EndToEnd" name="executeScript" time="40.184"/>
  <system-out/>
</testsuite> <!-- fc_practice.EndToEnd -->
