<?xml version="1.0" encoding="UTF-8"?>
<!-- Generated by org.testng.reporters.JUnitReportReporter -->
<testsuite hostname="DESKTOP-I86B4EQ" failures="0" tests="1" name="updatedtstngofos.Update_Order_Status" time="121.445" errors="0" timestamp="2023-02-28T10:25:47 IST" skipped="0">
  <testcase classname="updatedtstngofos.Update_Order_Status" name="executeScript" time="121.445"/>
  <system-out/>
</testsuite> <!-- updatedtstngofos.Update_Order_Status -->
