<?xml version="1.0" encoding="UTF-8"?>
<!-- Generated by org.testng.reporters.JUnitReportReporter -->
<testsuite hostname="DESKTOP-I86B4EQ" failures="0" tests="3" name="fc_practice.A" time="0.008" errors="0" timestamp="2023-02-23T11:23:30 IST" skipped="0">
  <testcase classname="fc_practice.A" name="hello" time="0.006"/>
  <system-out/>
  <testcase classname="fc_practice.A" name="login" time="0.001"/>
  <system-out/>
  <testcase classname="fc_practice.A" name="logout" time="0.001"/>
  <system-out/>
</testsuite> <!-- fc_practice.A -->
