<?xml version="1.0" encoding="UTF-8"?>
<!-- Generated by org.testng.reporters.JUnitReportReporter -->
<testsuite hostname="DESKTOP-I86B4EQ" failures="0" tests="1" name="updatedtstngofos.UpdateOrderStatus" time="27.240" errors="0" timestamp="2023-03-02T15:07:57 IST" skipped="0">
  <testcase classname="updatedtstngofos.UpdateOrderStatus" name="updateOrderStatus" time="27.240"/>
  <system-out/>
</testsuite> <!-- updatedtstngofos.UpdateOrderStatus -->
