<?xml version="1.0" encoding="UTF-8"?>
<!-- Generated by org.testng.reporters.JUnitReportReporter -->
<testsuite hostname="DESKTOP-I86B4EQ" failures="0" tests="2" name="updatedtstngofos.RegisterUser" time="48.509" errors="0" timestamp="2023-03-02T17:23:41 IST" skipped="0">
  <testcase classname="updatedtstngofos.RegisterUser" name="registerUser" time="22.119"/>
  <system-out/>
  <testcase classname="updatedtstngofos.RegisterUser" name="registerUser" time="26.390"/>
  <system-out/>
</testsuite> <!-- updatedtstngofos.RegisterUser -->
