<?xml version="1.0" encoding="UTF-8"?>
<!-- Generated by org.testng.reporters.JUnitReportReporter -->
<testsuite hostname="DESKTOP-I86B4EQ" failures="0" tests="1" name="fc_practice.Update_Order_Status" time="17.549" errors="0" timestamp="2023-02-27T12:15:26 IST" skipped="0">
  <testcase classname="fc_practice.Update_Order_Status" name="executeScript" time="17.549"/>
  <system-out/>
</testsuite> <!-- fc_practice.Update_Order_Status -->
