<?xml version="1.0" encoding="UTF-8"?>
<!-- Generated by org.testng.reporters.JUnitReportReporter -->
<testsuite hostname="DESKTOP-I86B4EQ" failures="0" tests="1" name="fc_practice.Order_From_HomePage2" time="17.477" errors="0" timestamp="2023-02-27T12:14:01 IST" skipped="0">
  <testcase classname="fc_practice.Order_From_HomePage2" name="executeScript" time="17.477"/>
  <system-out/>
</testsuite> <!-- fc_practice.Order_From_HomePage2 -->
