<?xml version="1.0" encoding="UTF-8"?>
<!-- Generated by org.testng.reporters.JUnitReportReporter -->
<testsuite hostname="DESKTOP-I86B4EQ" failures="0" tests="1" name="fc_practice.CustomerPlacesOrder" time="17.705" errors="0" timestamp="2023-02-27T12:10:54 IST" skipped="0">
  <testcase classname="fc_practice.CustomerPlacesOrder" name="executeScript" time="17.705"/>
  <system-out/>
</testsuite> <!-- fc_practice.CustomerPlacesOrder -->
