<?xml version="1.0" encoding="UTF-8"?>
<!-- Generated by org.testng.reporters.JUnitReportReporter -->
<testsuite hostname="DESKTOP-I86B4EQ" failures="0" tests="1" name="updatedtstngofos.Order_From_HomePage" time="64.882" errors="0" timestamp="2023-02-28T10:29:33 IST" skipped="0">
  <testcase classname="updatedtstngofos.Order_From_HomePage" name="executeScript" time="64.882"/>
  <system-out/>
</testsuite> <!-- updatedtstngofos.Order_From_HomePage -->
