<?xml version="1.0" encoding="UTF-8"?>
<!-- Generated by org.testng.reporters.JUnitReportReporter -->
<testsuite hostname="DESKTOP-I86B4EQ" failures="0" tests="1" name="fc_practice.TestPractice" time="5.115" errors="0" timestamp="2023-03-01T11:18:30 IST" skipped="0">
  <testcase classname="fc_practice.TestPractice" name="test1" time="5.115"/>
  <system-out/>
</testsuite> <!-- fc_practice.TestPractice -->
